[0.589s] Invoking command in '/home/hakozaki/ros2_ws/src/mypkg': CONDA_PROMPT_MODIFIER=(base) PYTHONPATH=/home/hakozaki/ros2_ws/src/mypkg/build/mypkg/prefix_override:/usr/lib/python3/dist-packages/colcon_core/task/python/colcon_distutils_commands:/home/hakozaki/ros2_ws/src/mypkg/install/mypkg/lib/python3.10/site-packages:${PYTHONPATH} /usr/bin/python3 -W ignore:setup.py install is deprecated -W ignore:easy_install command is deprecated setup.py egg_info --egg-base build/mypkg build --build-base /home/hakozaki/ros2_ws/src/mypkg/build/mypkg/build install --record /home/hakozaki/ros2_ws/src/mypkg/build/mypkg/install.log --single-version-externally-managed install_data
[0.799s] running egg_info
[0.799s] writing build/mypkg/mypkg.egg-info/PKG-INFO
[0.800s] writing dependency_links to build/mypkg/mypkg.egg-info/dependency_links.txt
[0.801s] writing entry points to build/mypkg/mypkg.egg-info/entry_points.txt
[0.801s] writing requirements to build/mypkg/mypkg.egg-info/requires.txt
[0.802s] writing top-level names to build/mypkg/mypkg.egg-info/top_level.txt
[0.803s] reading manifest file 'build/mypkg/mypkg.egg-info/SOURCES.txt'
[0.805s] writing manifest file 'build/mypkg/mypkg.egg-info/SOURCES.txt'
[0.805s] running build
[0.805s] running build_py
[0.805s] running install
[0.805s] running install_lib
[0.807s] running install_data
[0.807s] copying launch/talk_listen.launch.py -> /home/hakozaki/ros2_ws/src/mypkg/install/mypkg/share/mypkg
[0.807s] running install_egg_info
[0.809s] removing '/home/hakozaki/ros2_ws/src/mypkg/install/mypkg/lib/python3.10/site-packages/mypkg-0.0.0-py3.10.egg-info' (and everything under it)
[0.810s] Copying build/mypkg/mypkg.egg-info to /home/hakozaki/ros2_ws/src/mypkg/install/mypkg/lib/python3.10/site-packages/mypkg-0.0.0-py3.10.egg-info
[0.811s] running install_scripts
[0.830s] Installing listener script to /home/hakozaki/ros2_ws/src/mypkg/install/mypkg/lib/mypkg
[0.831s] Installing talker script to /home/hakozaki/ros2_ws/src/mypkg/install/mypkg/lib/mypkg
[0.831s] writing list of installed files to '/home/hakozaki/ros2_ws/src/mypkg/build/mypkg/install.log'
[0.853s] Invoked command in '/home/hakozaki/ros2_ws/src/mypkg' returned '0': CONDA_PROMPT_MODIFIER=(base) PYTHONPATH=/home/hakozaki/ros2_ws/src/mypkg/build/mypkg/prefix_override:/usr/lib/python3/dist-packages/colcon_core/task/python/colcon_distutils_commands:/home/hakozaki/ros2_ws/src/mypkg/install/mypkg/lib/python3.10/site-packages:${PYTHONPATH} /usr/bin/python3 -W ignore:setup.py install is deprecated -W ignore:easy_install command is deprecated setup.py egg_info --egg-base build/mypkg build --build-base /home/hakozaki/ros2_ws/src/mypkg/build/mypkg/build install --record /home/hakozaki/ros2_ws/src/mypkg/build/mypkg/install.log --single-version-externally-managed install_data
