[0.242s] DEBUG:colcon:Command line arguments: ['/usr/bin/colcon', 'build']
[0.242s] DEBUG:colcon:Parsed command line arguments: Namespace(log_base=None, log_level=None, verb_name='build', build_base='build', install_base='install', merge_install=False, symlink_install=False, test_result_base=None, continue_on_error=False, executor='parallel', parallel_workers=16, event_handlers=None, ignore_user_meta=False, metas=['./colcon.meta'], base_paths=['.'], packages_ignore=None, packages_ignore_regex=None, paths=None, packages_up_to=None, packages_up_to_regex=None, packages_above=None, packages_above_and_dependencies=None, packages_above_depth=None, packages_select_by_dep=None, packages_skip_by_dep=None, packages_skip_up_to=None, packages_select_build_failed=False, packages_skip_build_finished=False, packages_select_test_failures=False, packages_skip_test_passed=False, packages_select=None, packages_skip=None, packages_select_regex=None, packages_skip_regex=None, packages_start=None, packages_end=None, allow_overriding=[], cmake_args=None, cmake_target=None, cmake_target_skip_unavailable=False, cmake_clean_cache=False, cmake_clean_first=False, cmake_force_configure=False, ament_cmake_args=None, catkin_cmake_args=None, catkin_skip_building_tests=False, verb_parser=<colcon_defaults.argument_parser.defaults.DefaultArgumentsDecorator object at 0x747d593132b0>, verb_extension=<colcon_core.verb.build.BuildVerb object at 0x747d59464700>, main=<bound method BuildVerb.main of <colcon_core.verb.build.BuildVerb object at 0x747d59464700>>)
[0.543s] Level 1:colcon.colcon_core.package_discovery:discover_packages(colcon_meta) check parameters
[0.544s] Level 1:colcon.colcon_core.package_discovery:discover_packages(recursive) check parameters
[0.544s] Level 1:colcon.colcon_core.package_discovery:discover_packages(ignore) check parameters
[0.544s] Level 1:colcon.colcon_core.package_discovery:discover_packages(path) check parameters
[0.544s] Level 1:colcon.colcon_core.package_discovery:discover_packages(colcon_meta) discover
[0.544s] Level 1:colcon.colcon_core.package_discovery:discover_packages(recursive) discover
[0.544s] INFO:colcon.colcon_core.package_discovery:Crawling recursively for packages in '/home/hakozaki/ros2_ws/src/mypkg'
[0.544s] Level 1:colcon.colcon_core.package_identification:_identify(.) by extensions ['ignore', 'ignore_ament_install']
[0.544s] Level 1:colcon.colcon_core.package_identification:_identify(.) by extension 'ignore'
[0.544s] Level 1:colcon.colcon_core.package_identification:_identify(.) by extension 'ignore_ament_install'
[0.544s] Level 1:colcon.colcon_core.package_identification:_identify(.) by extensions ['colcon_pkg']
[0.544s] Level 1:colcon.colcon_core.package_identification:_identify(.) by extension 'colcon_pkg'
[0.544s] Level 1:colcon.colcon_core.package_identification:_identify(.) by extensions ['colcon_meta']
[0.544s] Level 1:colcon.colcon_core.package_identification:_identify(.) by extension 'colcon_meta'
[0.545s] Level 1:colcon.colcon_core.package_identification:_identify(.) by extensions ['ros']
[0.545s] Level 1:colcon.colcon_core.package_identification:_identify(.) by extension 'ros'
[0.576s] DEBUG:colcon.colcon_core.package_identification:Package '.' with type 'ros.ament_python' and name 'mypkg1'
[0.576s] Level 1:colcon.colcon_core.package_discovery:discover_packages(recursive) using defaults
[0.577s] Level 1:colcon.colcon_core.package_discovery:discover_packages(ignore) discover
[0.577s] Level 1:colcon.colcon_core.package_discovery:discover_packages(ignore) using defaults
[0.577s] Level 1:colcon.colcon_core.package_discovery:discover_packages(path) discover
[0.577s] Level 1:colcon.colcon_core.package_discovery:discover_packages(path) using defaults
[0.622s] Level 1:colcon.colcon_core.package_discovery:discover_packages(prefix_path) check parameters
[0.622s] Level 1:colcon.colcon_core.package_discovery:discover_packages(prefix_path) discover
[0.625s] WARNING:colcon.colcon_ros.prefix_path.ament:The path '/home/hakozaki/ros2_ws/src/mypkg/install/mypkg' in the environment variable AMENT_PREFIX_PATH doesn't exist
[0.627s] DEBUG:colcon.colcon_installed_package_information.package_discovery:Found 2 installed packages in /home/hakozaki/ros2_ws/install
[0.628s] DEBUG:colcon.colcon_installed_package_information.package_discovery:Found 0 installed packages in /home/hakozaki/ros2_ws/src/mypkg/install
[0.629s] DEBUG:colcon.colcon_installed_package_information.package_discovery:Found 271 installed packages in /opt/ros/humble
[0.630s] Level 1:colcon.colcon_core.package_discovery:discover_packages(prefix_path) using defaults
[0.714s] Level 5:colcon.colcon_core.verb:set package 'mypkg1' build argument 'cmake_args' from command line to 'None'
[0.714s] Level 5:colcon.colcon_core.verb:set package 'mypkg1' build argument 'cmake_target' from command line to 'None'
[0.714s] Level 5:colcon.colcon_core.verb:set package 'mypkg1' build argument 'cmake_target_skip_unavailable' from command line to 'False'
[0.714s] Level 5:colcon.colcon_core.verb:set package 'mypkg1' build argument 'cmake_clean_cache' from command line to 'False'
[0.714s] Level 5:colcon.colcon_core.verb:set package 'mypkg1' build argument 'cmake_clean_first' from command line to 'False'
[0.714s] Level 5:colcon.colcon_core.verb:set package 'mypkg1' build argument 'cmake_force_configure' from command line to 'False'
[0.714s] Level 5:colcon.colcon_core.verb:set package 'mypkg1' build argument 'ament_cmake_args' from command line to 'None'
[0.714s] Level 5:colcon.colcon_core.verb:set package 'mypkg1' build argument 'catkin_cmake_args' from command line to 'None'
[0.714s] Level 5:colcon.colcon_core.verb:set package 'mypkg1' build argument 'catkin_skip_building_tests' from command line to 'False'
[0.714s] DEBUG:colcon.colcon_core.verb:Building package 'mypkg1' with the following arguments: {'ament_cmake_args': None, 'build_base': '/home/hakozaki/ros2_ws/src/mypkg/build/mypkg1', 'catkin_cmake_args': None, 'catkin_skip_building_tests': False, 'cmake_args': None, 'cmake_clean_cache': False, 'cmake_clean_first': False, 'cmake_force_configure': False, 'cmake_target': None, 'cmake_target_skip_unavailable': False, 'install_base': '/home/hakozaki/ros2_ws/src/mypkg/install/mypkg1', 'merge_install': False, 'path': '/home/hakozaki/ros2_ws/src/mypkg', 'symlink_install': False, 'test_result_base': None}
[0.714s] INFO:colcon.colcon_core.executor:Executing jobs using 'parallel' executor
[0.715s] DEBUG:colcon.colcon_parallel_executor.executor.parallel:run_until_complete
[0.715s] INFO:colcon.colcon_ros.task.ament_python.build:Building ROS package in '/home/hakozaki/ros2_ws/src/mypkg' with build type 'ament_python'
[0.716s] Level 1:colcon.colcon_core.shell:create_environment_hook('mypkg1', 'ament_prefix_path')
[0.720s] INFO:colcon.colcon_core.plugin_system:Skipping extension 'colcon_core.shell.bat': Not used on non-Windows systems
[0.720s] INFO:colcon.colcon_core.shell:Creating environment hook '/home/hakozaki/ros2_ws/src/mypkg/install/mypkg1/share/mypkg1/hook/ament_prefix_path.ps1'
[0.722s] INFO:colcon.colcon_core.shell:Creating environment descriptor '/home/hakozaki/ros2_ws/src/mypkg/install/mypkg1/share/mypkg1/hook/ament_prefix_path.dsv'
[0.722s] INFO:colcon.colcon_core.shell:Creating environment hook '/home/hakozaki/ros2_ws/src/mypkg/install/mypkg1/share/mypkg1/hook/ament_prefix_path.sh'
[0.723s] INFO:colcon.colcon_core.shell:Skip shell extension 'powershell' for command environment: Not usable outside of PowerShell
[0.723s] DEBUG:colcon.colcon_core.shell:Skip shell extension 'dsv' for command environment
[0.941s] WARNING:colcon.colcon_ros.task.ament_python.build:Package 'mypkg1' doesn't explicitly install a marker in the package index (colcon-ros currently does it implicitly but that fallback will be removed in the future)
[0.942s] WARNING:colcon.colcon_ros.task.ament_python.build:Package 'mypkg1' doesn't explicitly install the 'package.xml' file (colcon-ros currently does it implicitly but that fallback will be removed in the future)
[0.943s] INFO:colcon.colcon_core.task.python.build:Building Python package in '/home/hakozaki/ros2_ws/src/mypkg'
[0.943s] INFO:colcon.colcon_core.shell:Skip shell extension 'powershell' for command environment: Not usable outside of PowerShell
[0.943s] DEBUG:colcon.colcon_core.shell:Skip shell extension 'dsv' for command environment
[1.264s] DEBUG:colcon.colcon_core.event_handler.log_command:Invoking command in '/home/hakozaki/ros2_ws/src/mypkg': CONDA_PROMPT_MODIFIER=(base) PYTHONPATH=/home/hakozaki/ros2_ws/src/mypkg/build/mypkg1/prefix_override:/usr/lib/python3/dist-packages/colcon_core/task/python/colcon_distutils_commands:/home/hakozaki/ros2_ws/src/mypkg/install/mypkg1/lib/python3.10/site-packages:${PYTHONPATH} /usr/bin/python3 -W ignore:setup.py install is deprecated -W ignore:easy_install command is deprecated setup.py egg_info --egg-base build/mypkg1 build --build-base /home/hakozaki/ros2_ws/src/mypkg/build/mypkg1/build install --record /home/hakozaki/ros2_ws/src/mypkg/build/mypkg1/install.log --single-version-externally-managed install_data
[1.482s] DEBUG:colcon.colcon_core.event_handler.log_command:Invoked command in '/home/hakozaki/ros2_ws/src/mypkg' returned '0': CONDA_PROMPT_MODIFIER=(base) PYTHONPATH=/home/hakozaki/ros2_ws/src/mypkg/build/mypkg1/prefix_override:/usr/lib/python3/dist-packages/colcon_core/task/python/colcon_distutils_commands:/home/hakozaki/ros2_ws/src/mypkg/install/mypkg1/lib/python3.10/site-packages:${PYTHONPATH} /usr/bin/python3 -W ignore:setup.py install is deprecated -W ignore:easy_install command is deprecated setup.py egg_info --egg-base build/mypkg1 build --build-base /home/hakozaki/ros2_ws/src/mypkg/build/mypkg1/build install --record /home/hakozaki/ros2_ws/src/mypkg/build/mypkg1/install.log --single-version-externally-managed install_data
[1.490s] Level 1:colcon.colcon_core.environment:checking '/home/hakozaki/ros2_ws/src/mypkg/install/mypkg1' for CMake module files
[1.491s] Level 1:colcon.colcon_core.environment:checking '/home/hakozaki/ros2_ws/src/mypkg/install/mypkg1' for CMake config files
[1.492s] Level 1:colcon.colcon_core.environment:checking '/home/hakozaki/ros2_ws/src/mypkg/install/mypkg1/lib'
[1.492s] Level 1:colcon.colcon_core.environment:checking '/home/hakozaki/ros2_ws/src/mypkg/install/mypkg1/bin'
[1.492s] Level 1:colcon.colcon_core.environment:checking '/home/hakozaki/ros2_ws/src/mypkg/install/mypkg1/lib/pkgconfig/mypkg1.pc'
[1.492s] Level 1:colcon.colcon_core.environment:checking '/home/hakozaki/ros2_ws/src/mypkg/install/mypkg1/lib/python3.10/site-packages'
[1.493s] Level 1:colcon.colcon_core.shell:create_environment_hook('mypkg1', 'pythonpath')
[1.493s] INFO:colcon.colcon_core.shell:Creating environment hook '/home/hakozaki/ros2_ws/src/mypkg/install/mypkg1/share/mypkg1/hook/pythonpath.ps1'
[1.493s] INFO:colcon.colcon_core.shell:Creating environment descriptor '/home/hakozaki/ros2_ws/src/mypkg/install/mypkg1/share/mypkg1/hook/pythonpath.dsv'
[1.494s] INFO:colcon.colcon_core.shell:Creating environment hook '/home/hakozaki/ros2_ws/src/mypkg/install/mypkg1/share/mypkg1/hook/pythonpath.sh'
[1.495s] Level 1:colcon.colcon_core.environment:checking '/home/hakozaki/ros2_ws/src/mypkg/install/mypkg1/bin'
[1.495s] Level 1:colcon.colcon_core.environment:create_environment_scripts_only(mypkg1)
[1.496s] INFO:colcon.colcon_core.shell:Creating package script '/home/hakozaki/ros2_ws/src/mypkg/install/mypkg1/share/mypkg1/package.ps1'
[1.497s] INFO:colcon.colcon_core.shell:Creating package descriptor '/home/hakozaki/ros2_ws/src/mypkg/install/mypkg1/share/mypkg1/package.dsv'
[1.499s] INFO:colcon.colcon_core.shell:Creating package script '/home/hakozaki/ros2_ws/src/mypkg/install/mypkg1/share/mypkg1/package.sh'
[1.500s] INFO:colcon.colcon_core.shell:Creating package script '/home/hakozaki/ros2_ws/src/mypkg/install/mypkg1/share/mypkg1/package.bash'
[1.501s] INFO:colcon.colcon_core.shell:Creating package script '/home/hakozaki/ros2_ws/src/mypkg/install/mypkg1/share/mypkg1/package.zsh'
[1.503s] Level 1:colcon.colcon_core.environment:create_file_with_runtime_dependencies(/home/hakozaki/ros2_ws/src/mypkg/install/mypkg1/share/colcon-core/packages/mypkg1)
[1.504s] DEBUG:colcon.colcon_parallel_executor.executor.parallel:closing loop
[1.505s] DEBUG:colcon.colcon_parallel_executor.executor.parallel:loop closed
[1.505s] DEBUG:colcon.colcon_parallel_executor.executor.parallel:run_until_complete finished with '0'
[1.505s] DEBUG:colcon.colcon_core.event_reactor:joining thread
[1.541s] INFO:colcon.colcon_core.plugin_system:Skipping extension 'colcon_notification.desktop_notification.notify_send': Could not find 'notify-send'
[1.541s] INFO:colcon.colcon_core.plugin_system:Skipping extension 'colcon_notification.desktop_notification.terminal_notifier': Not used on non-Darwin systems
[1.541s] INFO:colcon.colcon_core.plugin_system:Skipping extension 'colcon_notification.desktop_notification.win32': Not used on non-Windows systems
[1.541s] INFO:colcon.colcon_notification.desktop_notification:Sending desktop notification using 'notify2'
[1.542s] DEBUG:colcon.colcon_notification.desktop_notification.notify2:Failed to initialize notify2: org.freedesktop.DBus.Error.FileNotFound: Failed to connect to socket /run/user/1000/bus: No such file or directory
[1.542s] DEBUG:colcon.colcon_core.event_reactor:joined thread
[1.542s] INFO:colcon.colcon_core.shell:Creating prefix script '/home/hakozaki/ros2_ws/src/mypkg/install/local_setup.ps1'
[1.544s] INFO:colcon.colcon_core.shell:Creating prefix util module '/home/hakozaki/ros2_ws/src/mypkg/install/_local_setup_util_ps1.py'
[1.546s] INFO:colcon.colcon_core.shell:Creating prefix chain script '/home/hakozaki/ros2_ws/src/mypkg/install/setup.ps1'
[1.548s] INFO:colcon.colcon_core.shell:Creating prefix script '/home/hakozaki/ros2_ws/src/mypkg/install/local_setup.sh'
[1.549s] INFO:colcon.colcon_core.shell:Creating prefix util module '/home/hakozaki/ros2_ws/src/mypkg/install/_local_setup_util_sh.py'
[1.550s] INFO:colcon.colcon_core.shell:Creating prefix chain script '/home/hakozaki/ros2_ws/src/mypkg/install/setup.sh'
[1.551s] INFO:colcon.colcon_core.shell:Creating prefix script '/home/hakozaki/ros2_ws/src/mypkg/install/local_setup.bash'
[1.552s] INFO:colcon.colcon_core.shell:Creating prefix chain script '/home/hakozaki/ros2_ws/src/mypkg/install/setup.bash'
[1.553s] INFO:colcon.colcon_core.shell:Creating prefix script '/home/hakozaki/ros2_ws/src/mypkg/install/local_setup.zsh'
[1.554s] INFO:colcon.colcon_core.shell:Creating prefix chain script '/home/hakozaki/ros2_ws/src/mypkg/install/setup.zsh'
